<?xml version="1.0" encoding="UTF-8"?>
<!-- Generated by org.testng.reporters.JUnitReportReporter -->
<testsuite hostname="BLR-L-PW04FGNG" name="GitHub.ActionsPOC.ActionsPOCTest" tests="1" failures="0" timestamp="11 Jan 2024 09:21:33 GMT" time="6.667" errors="0">
  <testcase name="MethodForGitHubAction" time="6.667" classname="GitHub.ActionsPOC.ActionsPOCTest"/>
</testsuite> <!-- GitHub.ActionsPOC.ActionsPOCTest -->
