<?xml version="1.0" encoding="UTF-8"?>
<!-- Generated by org.testng.reporters.JUnitReportReporter -->
<testsuite hostname="BLR-L-PW04FGNG" name="GitHub.ActionsPOC.ActionsPOCTest" tests="1" failures="0" timestamp="22 Dec 2023 12:34:07 GMT" time="14.584" errors="0">
  <testcase name="NewTestActionsPOC" time="14.584" classname="GitHub.ActionsPOC.ActionsPOCTest"/>
</testsuite> <!-- GitHub.ActionsPOC.ActionsPOCTest -->
