<?xml version="1.0" encoding="UTF-8"?>
<!-- Generated by org.testng.reporters.JUnitReportReporter -->
<testsuite hostname="BLR-L-PW04FGNG" name="GitHub.ActionsPOC.ActionsPOCTest" tests="1" failures="0" timestamp="17 Nov 2023 09:37:04 GMT" time="10.037" errors="0">
  <testcase name="ActionsPOC" time="10.037" classname="GitHub.ActionsPOC.ActionsPOCTest"/>
</testsuite> <!-- GitHub.ActionsPOC.ActionsPOCTest -->
