<?xml version="1.0" encoding="UTF-8"?>
<!-- Generated by org.testng.reporters.JUnitReportReporter -->
<testsuite hostname="BLR-L-PW04FGNG" name="GitHub.ActionsPOC.ActionsPOCTest" tests="1" failures="0" timestamp="5 Feb 2024 10:08:49 GMT" time="8.909" errors="0">
  <testcase name="MethodForGitHubAction" time="8.909" classname="GitHub.ActionsPOC.ActionsPOCTest"/>
</testsuite> <!-- GitHub.ActionsPOC.ActionsPOCTest -->
