<?xml version="1.0" encoding="UTF-8"?>
<!-- Generated by org.testng.reporters.JUnitReportReporter -->
<testsuite hostname="BLR-L-PW04FGNG" name="GitHub.ActionsPOC.ActionsPOCTest2" tests="1" failures="0" timestamp="5 Feb 2024 10:08:49 GMT" time="11.018" errors="0">
  <testcase name="MethodForGitHubActionTest2" time="11.018" classname="GitHub.ActionsPOC.ActionsPOCTest2"/>
</testsuite> <!-- GitHub.ActionsPOC.ActionsPOCTest2 -->
