<?xml version="1.0" encoding="UTF-8"?>
<!-- Generated by org.testng.reporters.JUnitReportReporter -->
<testsuite hostname="fv-az1388-724" failures="0" tests="1" name="GitHub.ActionsPOC.ActionsPOCTest2" time="3.769" errors="0" timestamp="2024-02-05T17:18:41 GMT" skipped="0">
  <testcase classname="GitHub.ActionsPOC.ActionsPOCTest2" name="MethodForGitHubActionTest2" time="3.769"/>
  <system-out/>
</testsuite> <!-- GitHub.ActionsPOC.ActionsPOCTest2 -->
